Sun Feb 11 15:21:16 IST 2018 : Apache Derby Network Server - 10.11.1.2 - (1629631) started and ready to accept connections on port 1527
----------------------------------------------------------------
Sun Feb 11 15:21:46 IST 2018:
Booting Derby version The Apache Software Foundation - Apache Derby - 10.11.1.2 - (1629631): instance a816c00e-0161-8506-d19c-000047ef9967 
on database directory C:\Users\Guy Moyal\Documents\NetBeansProjects\Project_Library\DB_Library with class loader sun.misc.Launcher$AppClassLoader@1d44bcfa 
Loaded from file:/C:/Program%20Files/Java/jdk1.8.0_151/db/lib/derby.jar
java.vendor=Oracle Corporation
java.runtime.version=1.8.0_151-b12
user.dir=C:\Program Files\Java\jdk1.8.0_151\db
os.name=Windows 10
os.arch=amd64
os.version=10.0
derby.system.home=C:\Users\Guy Moyal\Documents\NetBeansProjects\Project_Library
Database Class Loader started - derby.database.classpath=''
----------------------------------------------------------------
Sun Feb 11 15:29:43 IST 2018: Shutting down Derby engine
----------------------------------------------------------------
Sun Feb 11 15:29:43 IST 2018:
Shutting down instance a816c00e-0161-8506-d19c-000047ef9967 on database directory C:\Users\Guy Moyal\Documents\NetBeansProjects\Project_Library\DB_Library with class loader sun.misc.Launcher$AppClassLoader@1d44bcfa 
----------------------------------------------------------------
